<?xml version="1.0" encoding="UTF-8"?>
<testng-results ignored="0" total="1" passed="1" failed="0" skipped="0">
  <reporter-output>
  </reporter-output>
  <suite started-at="2022-12-21T12:29:56 IST" name="Default suite" finished-at="2022-12-21T12:30:06 IST" duration-ms="10064">
    <groups>
    </groups>
    <test started-at="2022-12-21T12:29:56 IST" name="Default test" finished-at="2022-12-21T12:30:06 IST" duration-ms="10064">
      <class name="day01.TC01Addskills">
        <test-method signature="f()[pri:0, instance:day01.TC01Addskills@a2431d0]" started-at="2022-12-21T12:29:56 IST" name="f" finished-at="2022-12-21T12:30:06 IST" duration-ms="10023" status="PASS">
          <reporter-output>
          </reporter-output>
        </test-method> <!-- f -->
      </class> <!-- day01.TC01Addskills -->
    </test> <!-- Default test -->
  </suite> <!-- Default suite -->
</testng-results>
